<?xml version="1.0" encoding="UTF-8"?>
<!-- Generated by org.testng.reporters.JUnitXMLReporter -->
<testsuite hostname="LAPTOP-D2GVCL39" ignored="0" name="Default test" tests="3" failures="0" timestamp="2022-10-12T20:13:21 IST" time="0.068" errors="0">
  <testcase name="A" time="0.008" classname="priority.PriorityInTestNG"/>
  <testcase name="Z" time="0.001" classname="priority.PriorityInTestNG"/>
  <testcase name="h" time="0.001" classname="priority.PriorityInTestNG"/>
</testsuite> <!-- Default test -->
