<?xml version="1.0" encoding="UTF-8"?>
<!-- Generated by org.testng.reporters.JUnitXMLReporter -->
<testsuite hostname="LAPTOP-D2GVCL39" ignored="4" name="Regression" tests="4" failures="0" timestamp="2022-10-11T20:52:35 IST" time="0.093" errors="0">
  <testcase name="verifyUserCanLoginToApplicationWithValidCredentials" time="0.008" classname="annotations.testng.AnnotationInTestNG"/>
  <testcase name="verifyUserCanNOtLoginToApplicationWithInvalidCredentials" time="0.002" classname="annotations.testng.AnnotationInTestNG"/>
  <testcase name="verifySendEmailWillBeDisplayedInSendItem" time="0.003" classname="annotations.testng.AnnotationInTestNG2"/>
  <testcase name="verifyUserCanSendEmail" time="0.004" classname="annotations.testng.AnnotationInTestNG2"/>
  <testcase name="@BeforeTest beforeTestAnnotation" time="0.0" classname="annotations.testng.TestBase">
    <ignored/>
  </testcase> <!-- @BeforeTest beforeTestAnnotation -->
  <testcase name="@AfterSuite afterSuiteAnnotation" time="0.0" classname="annotations.testng.TestBase">
    <ignored/>
  </testcase> <!-- @AfterSuite afterSuiteAnnotation -->
  <testcase name="@BeforeSuite beforeSuiteAnnotation" time="0.0" classname="annotations.testng.TestBase">
    <ignored/>
  </testcase> <!-- @BeforeSuite beforeSuiteAnnotation -->
  <testcase name="@AfterTest afterTestAnnotation" time="0.0" classname="annotations.testng.TestBase">
    <ignored/>
  </testcase> <!-- @AfterTest afterTestAnnotation -->
</testsuite> <!-- Regression -->
